[
  {
    "level_": 0,
    "message_": "android.ndkVersion from module build.gradle is [not set]",
    "file_": "",
    "tag_": "",
    "diagnosticCode_": 0,
    "memoizedIsInitialized": 1,
    "unknownFields": {
      "fields": {},
      "fieldsDescending": {}
    },
    "memoizedSize": -1,
    "memoizedHashCode": -143485821
  },
  {
    "level_": 0,
    "message_": "android.ndkPath from module build.gradle is not set",
    "file_": "",
    "tag_": "",
    "diagnosticCode_": 0,
    "memoizedIsInitialized": 1,
    "unknownFields": {
      "fields": {},
      "fieldsDescending": {}
    },
    "memoizedSize": -1,
    "memoizedHashCode": 648702282
  },
  {
    "level_": 0,
    "message_": "ndk.dir in local.properties is not set",
    "file_": "",
    "tag_": "",
    "diagnosticCode_": 0,
    "memoizedIsInitialized": 1,
    "unknownFields": {
      "fields": {},
      "fieldsDescending": {}
    },
    "memoizedSize": -1,
    "memoizedHashCode": 1353163475
  },
  {
    "level_": 0,
    "message_": "Not considering ANDROID_NDK_HOME because support was removed after deprecation period.",
    "file_": "",
    "tag_": "",
    "diagnosticCode_": 0,
    "memoizedIsInitialized": 1,
    "unknownFields": {
      "fields": {},
      "fieldsDescending": {}
    },
    "memoizedSize": -1,
    "memoizedHashCode": -1078989751
  },
  {
    "level_": 0,
    "message_": "sdkFolder is /Users/bhavindivecha/Desktop/BGDApps/SDK",
    "file_": "",
    "tag_": "",
    "diagnosticCode_": 0,
    "memoizedIsInitialized": 1,
    "unknownFields": {
      "fields": {},
      "fieldsDescending": {}
    },
    "memoizedSize": -1,
    "memoizedHashCode": 1104689251
  },
  {
    "level_": 0,
    "message_": "Because no explicit NDK was requested, the default version [23.1.7779620] for this Android Gradle Plugin will be used",
    "file_": "",
    "tag_": "",
    "diagnosticCode_": 0,
    "memoizedIsInitialized": 1,
    "unknownFields": {
      "fields": {},
      "fieldsDescending": {}
    },
    "memoizedSize": -1,
    "memoizedHashCode": -145367462
  },
  {
    "level_": 0,
    "message_": "Folder /Users/bhavindivecha/Desktop/BGDApps/SDK/ndk/23.1.7779620 does not exist. Ignoring.",
    "file_": "",
    "tag_": "",
    "diagnosticCode_": 0,
    "memoizedIsInitialized": 1,
    "unknownFields": {
      "fields": {},
      "fieldsDescending": {}
    },
    "memoizedSize": -1,
    "memoizedHashCode": 1574564786
  },
  {
    "level_": 0,
    "message_": "Folder /Users/bhavindivecha/Desktop/BGDApps/SDK/ndk-bundle does not exist. Ignoring.",
    "file_": "",
    "tag_": "",
    "diagnosticCode_": 0,
    "memoizedIsInitialized": 1,
    "unknownFields": {
      "fields": {},
      "fieldsDescending": {}
    },
    "memoizedSize": -1,
    "memoizedHashCode": 1590570634
  },
  {
    "level_": 0,
    "message_": "No NDK was found. Trying to download it now.",
    "file_": "",
    "tag_": "",
    "diagnosticCode_": 0,
    "memoizedIsInitialized": 1,
    "unknownFields": {
      "fields": {},
      "fieldsDescending": {}
    },
    "memoizedSize": -1,
    "memoizedHashCode": 1978878197
  },
  {
    "level_": 0,
    "message_": "NDK 23.1.7779620 was downloaded to /Users/bhavindivecha/Desktop/BGDApps/SDK/ndk/23.1.7779620. Using that.",
    "file_": "",
    "tag_": "",
    "diagnosticCode_": 0,
    "memoizedIsInitialized": 1,
    "unknownFields": {
      "fields": {},
      "fieldsDescending": {}
    },
    "memoizedSize": -1,
    "memoizedHashCode": 1493512197
  }
]